<?xml version="1.0" encoding="UTF-8"?>
<testng-results ignored="0" total="1" passed="1" failed="0" skipped="0">
  <reporter-output>
  </reporter-output>
  <suite started-at="2022-03-02T19:49:40 IST" name="Suite" finished-at="2022-03-02T19:50:04 IST" duration-ms="24382">
    <groups>
    </groups>
    <test started-at="2022-03-02T19:49:40 IST" name="Test" finished-at="2022-03-02T19:50:04 IST" duration-ms="24382">
      <class name="com.SimplePractice.TestCases.TC001_LoginPage">
        <test-method is-config="true" signature="SetUp(java.lang.String)[pri:0, instance:com.SimplePractice.TestCases.TC001_LoginPage@34123d65]" started-at="2022-03-02T19:49:40 IST" name="SetUp" finished-at="2022-03-02T19:50:00 IST" duration-ms="19964" status="PASS">
          <params>
            <param index="0">
              <value>
                <![CDATA[chrome]]>
              </value>
            </param>
          </params>
          <reporter-output>
          </reporter-output>
        </test-method> <!-- SetUp -->
        <test-method signature="loginPage()[pri:0, instance:com.SimplePractice.TestCases.TC001_LoginPage@34123d65]" started-at="2022-03-02T19:50:00 IST" name="loginPage" finished-at="2022-03-02T19:50:04 IST" duration-ms="3963" status="PASS">
          <reporter-output>
          </reporter-output>
        </test-method> <!-- loginPage -->
        <test-method is-config="true" signature="tearDown()[pri:0, instance:com.SimplePractice.TestCases.TC001_LoginPage@34123d65]" started-at="2022-03-02T19:50:04 IST" name="tearDown" finished-at="2022-03-02T19:50:04 IST" duration-ms="397" status="PASS">
          <reporter-output>
          </reporter-output>
        </test-method> <!-- tearDown -->
      </class> <!-- com.SimplePractice.TestCases.TC001_LoginPage -->
    </test> <!-- Test -->
  </suite> <!-- Suite -->
</testng-results>
